<?xml version="1.0" encoding="UTF-8"?>
<testng-results ignored="0" total="1" passed="1" failed="0" skipped="0">
  <reporter-output>
  </reporter-output>
  <suite started-at="2023-01-11T17:30:16 IST" name="Default suite" finished-at="2023-01-11T17:30:19 IST" duration-ms="2508">
    <groups>
    </groups>
    <test started-at="2023-01-11T17:30:16 IST" name="Default test" finished-at="2023-01-11T17:30:19 IST" duration-ms="2508">
      <class name="restassured.Test_Post">
        <test-method signature="test_01_post()[pri:0, instance:restassured.Test_Post@1139b2f3]" started-at="2023-01-11T17:30:16 IST" name="test_01_post" finished-at="2023-01-11T17:30:19 IST" duration-ms="2469" status="PASS">
          <reporter-output>
          </reporter-output>
        </test-method> <!-- test_01_post -->
      </class> <!-- restassured.Test_Post -->
    </test> <!-- Default test -->
  </suite> <!-- Default suite -->
</testng-results>
