<?xml version="1.0" encoding="UTF-8"?>
<testng-results ignored="0" total="1" passed="1" failed="0" skipped="0">
  <reporter-output>
  </reporter-output>
  <suite started-at="2023-01-12T10:25:41 IST" name="Default suite" finished-at="2023-01-12T10:25:43 IST" duration-ms="1805">
    <groups>
    </groups>
    <test started-at="2023-01-12T10:25:41 IST" name="Default test" finished-at="2023-01-12T10:25:43 IST" duration-ms="1805">
      <class name="TestAPI">
        <test-method signature="test_api()[pri:0, instance:TestAPI@5e82df6a]" started-at="2023-01-12T10:25:41 IST" name="test_api" finished-at="2023-01-12T10:25:43 IST" duration-ms="1771" status="PASS">
          <reporter-output>
          </reporter-output>
        </test-method> <!-- test_api -->
      </class> <!-- TestAPI -->
    </test> <!-- Default test -->
  </suite> <!-- Default suite -->
</testng-results>
